<?xml version="1.0" encoding="UTF-8"?>
<!-- Generated by org.testng.reporters.JUnitReportReporter -->
<testsuite hostname="Rupas-MBP.fios-router.home" failures="0" tests="2" name="demo.My_First_Script" time="0.008" errors="0" timestamp="2021-09-30T15:16:41 EDT" skipped="1">
  <testcase classname="demo.My_First_Script" name="verifyThatUserCanAbleToAddProductToTheCart" time="0.008"/>
  <system-out/>
  <testcase classname="demo.My_First_Script" name="verifyThatUserCanAbleToLogin">
    <skipped/>
  </testcase> <!-- verifyThatUserCanAbleToLogin -->
  <system-out/>
</testsuite> <!-- demo.My_First_Script -->
